<?xml version="1.0" encoding="UTF-8"?>
<!-- Generated by org.testng.reporters.JUnitReportReporter -->
<testsuite skipped="0" hostname="Asanbais-Air" name="com.amazon.AmazonTask" tests="1" failures="0" timestamp="30 Jun 2018 15:51:55 GMT" time="8.830" errors="0">
  <testcase name="getAllProductsV1" time="8.830" classname="com.amazon.AmazonTask"/>
</testsuite> <!-- com.amazon.AmazonTask -->
